(standard input):410:11-16 14:46:13.643 13168 13168 D ActivityThread: add activity client record, r= ActivityRecord{7c7aa45 token=android.os.BinderProxy@acba90e {com.android.todolist/com.android.todolist.MainActivity}} token= android.os.BinderProxy@acba90e
(standard input):540:11-16 14:48:57.836 13168 13168 D ActivityThread: Remove activity client record, r= ActivityRecord{7c7aa45 token=android.os.BinderProxy@acba90e {com.android.todolist/com.android.todolist.MainActivity}} token= android.os.BinderProxy@acba90e
(standard input):552:11-16 14:48:57.919 13168 13168 D ActivityThread: add activity client record, r= ActivityRecord{7c7aa45 token=android.os.BinderProxy@acba90e {com.android.todolist/com.android.todolist.MainActivity}} token= android.os.BinderProxy@acba90e
(standard input):567:11-16 14:49:00.161 13168 13168 D ActivityThread: Remove activity client record, r= ActivityRecord{7c7aa45 token=android.os.BinderProxy@acba90e {com.android.todolist/com.android.todolist.MainActivity}} token= android.os.BinderProxy@acba90e
(standard input):575:11-16 14:49:00.225 13168 13168 D ActivityThread: add activity client record, r= ActivityRecord{7c7aa45 token=android.os.BinderProxy@acba90e {com.android.todolist/com.android.todolist.MainActivity}} token= android.os.BinderProxy@acba90e
(standard input):2783:11-16 14:55:50.461  1015 14484 D ITouchService: itouch currentPackageName = com.android.todolist
(standard input):2788:11-16 14:55:50.461  1015 14484 D ITouchService: itouch:app com.android.todolist is  not game app
(standard input):2789:11-16 14:55:50.461  1015 14484 D ITouchService: itouch:app com.android.todolist is  not in StylusPenList
(standard input):2792:11-16 14:55:50.462 13168 13168 D ActivityThread: Remove activity client record, r= ActivityRecord{7c7aa45 token=android.os.BinderProxy@acba90e {com.android.todolist/com.android.todolist.MainActivity}} token= android.os.BinderProxy@acba90e
(standard input):2803:11-16 14:55:50.524  1015 14484 I AGPService: aps-info: focus pkgName - com.android.todolist, with 0 more apps
(standard input):2804:11-16 14:55:50.524   769 13016 D ACCKIT_ : pack:"com.android.todolist"
(standard input):2806:11-16 14:55:50.524  1015 14484 I AGPService: FrameRateManager: aps-info: new pkgName - com.android.todolist, type - -1
(standard input):2807:11-16 14:55:50.531 13168 13168 D ActivityThread: add activity client record, r= ActivityRecord{7c7aa45 token=android.os.BinderProxy@acba90e {com.android.todolist/com.android.todolist.MainActivity}} token= android.os.BinderProxy@acba90e
(standard input):2812:11-16 14:55:50.546  2475  2837 I HidataAppQoeP: foregroundUidAdd uid: 10382 name: com.android.todolist activity state: true
(standard input):2822:11-16 14:55:50.548 13168 13991 D HiTouch_PressGestureDetector: onAttached, package=com.android.todolist, windowType=1, mHiTouchRestricted=false
(standard input):2833:11-16 14:55:50.560  2475  2837 I SmartDualCardConfig: getAppType,pkgName=com.android.todolist,appType=-1
(standard input):2838:11-16 14:55:50.561  2475  2837 I VideoEnhancing: pkg:com.android.todolist class:com.android.todolist.MainActivity
(standard input):2839:11-16 14:55:50.561  2475  2837 I VideoEnhancing: pkg:com.android.todolist/com.android.todolist.MainActivity
(standard input):3070:11-16 14:55:54.458 13168 14008 D HiTouch_PressGestureDetector: onAttached, package=com.android.todolist, windowType=2, mHiTouchRestricted=false
(standard input):3113:11-16 14:55:55.896 13168 13168 I Resources_debug: The apk asset path = ApkAssets{path=/data/app/com.android.todolist-YUveYEZv7Nm_fI0xgHFRXg==/base.apk}
(standard input):3134:11-16 14:55:55.969 13168 13168 I chatty  : uid=10382(com.android.todolist) identical 2 lines
(standard input):3305:11-16 14:56:01.846   773  1823 W BufferQueueProducer: [com.android.todolist/com.android.todolist.MainActivity#1]:1403: disconnect: not connected (req=1)
(standard input):3413:11-16 14:56:09.286 13168 14027 D HiTouch_PressGestureDetector: onAttached, package=com.android.todolist, windowType=2, mHiTouchRestricted=false
(standard input):3448:11-16 14:56:10.611 13168 13168 I Resources_debug: The apk asset path = ApkAssets{path=/data/app/com.android.todolist-YUveYEZv7Nm_fI0xgHFRXg==/base.apk}
(standard input):3530:11-16 14:56:14.719   773  3626 W BufferQueueProducer: [com.android.todolist/com.android.todolist.MainActivity#1]:1403: disconnect: not connected (req=1)
(standard input):3579:11-16 14:56:20.061 13168 14034 D HiTouch_PressGestureDetector: onAttached, package=com.android.todolist, windowType=2, mHiTouchRestricted=false
(standard input):3617:11-16 14:56:21.505 13168 13168 I Resources_debug: The apk asset path = ApkAssets{path=/data/app/com.android.todolist-YUveYEZv7Nm_fI0xgHFRXg==/base.apk}
(standard input):3687:11-16 14:56:23.764   773  3626 W BufferQueueProducer: [com.android.todolist/com.android.todolist.MainActivity#1]:1403: disconnect: not connected (req=1)
(standard input):3744:11-16 14:56:27.181  1020  2053 D dubaid  : [EpsDisplay.cpp] CacheLcdRefreshInfo# eps lcd: forground app is com.android.todolist, diff time is 36744, lastLcdrage = 60
(standard input):3851:11-16 14:56:27.666  2475  2837 I HidataAppQoeP: foregroundUidRemove uid: 10382 name: com.android.todolist
(standard input):3854:11-16 14:56:27.668  2475  2837 I SmartDualCardConfig: getAppType,pkgName=com.android.todolist,appType=-1
(standard input):3858:11-16 14:56:27.679   773   977 W BufferQueueProducer: [com.android.todolist/com.android.todolist.MainActivity#0]:1403: disconnect: not connected (req=1)
(standard input):3864:11-16 14:56:27.718  1015 14484 D ITouchService: itouch currentPackageName = com.android.todolist
(standard input):3869:11-16 14:56:27.718  1015 14484 D ITouchService: itouch:app com.android.todolist is  not game app
(standard input):3870:11-16 14:56:27.718  1015 14484 D ITouchService: itouch:app com.android.todolist is  not in StylusPenList
(standard input):8422:11-16 14:59:15.921  1545  2432 W HwActivityTaskManagerServiceEx: appSwitch from: com.huawei.android.launcher to: com.android.todolist
(standard input):8430:11-16 14:59:15.923  2475 10501 I AssistantService-1060301: registerHwActivityNotifier call fromPackage:com.huawei.android.launcher, toPackage:com.android.todolist
(standard input):8433:11-16 14:59:15.923  2475  6458 D AssistantService-1060301: handleMessage app switch fromPackage:com.huawei.android.launcher, toPackage:com.android.todolist
(standard input):8434:11-16 14:59:15.923  1545  1906 D HwGameAssistantController: UPDATE: mCurFgPkg=com.android.todolist, mCurFgPid=13168, mIsCurGame=false
(standard input):8435:11-16 14:59:15.925  2516  3044 I ScenarioService: app focus change from: com.huawei.android.launcher to:com.android.todolist
(standard input):8436:11-16 14:59:15.925  2516  3044 I ScenarioService: add focus on app:com.android.todolist to visiblePkgs
(standard input):8437:11-16 14:59:15.925  2475 10501 I Hicom_Monitor: mAppSwitchNotifierEx, uid = 10382, packageName = com.android.todolist, classNamecom.android.todolist.MainActivity
(standard input):8438:11-16 14:59:15.925  2475 10501 I Hicom_Monitor: notifyForegroundAppChanged: pkg:com.android.todolist
(standard input):8439:11-16 14:59:15.925  2475 10501 I Hicom_Monitor: notifyForegroundAppActivityChanged: className:com.android.todolist.MainActivity
(standard input):8440:11-16 14:59:15.925  1545  1904 I HwAudioServiceEx: ComponentInfo : className = com.android.todolist.MainActivity, flag = showStartingWindow, isHomeActivity = , isTop = false
(standard input):8454:11-16 14:59:15.933  1545  2018 V WindowManager: notifyAppResumed: wasStopped=true AppWindowToken{f91786a token=Token{aff7655 ActivityRecord{678603f u0 com.android.todolist/.MainActivity t44579}}}
(standard input):8455:11-16 14:59:15.936  2516  3044 D ScenarioService: front pkg : com.android.todolist launcher: false
(standard input):8456:11-16 14:59:15.936  2516  3044 D ScenarioService: new above launcher front pkgs: [com.android.todolist]
(standard input):8457:11-16 14:59:15.936  2516  3044 I AppsUsage: scnOff:false FgAPP:com.android.todolist BgAPP:com.huawei.android.launcher
(standard input):8458:11-16 14:59:15.936  2516  3170 I PG_ash  : front pkg : com.android.todolist
(standard input):8459:11-16 14:59:15.936  2516  3044 I PgLog   : ZAppActionService: send event info : eventId : 1, intArgs : 10382, 10066,  stringArgs : com.android.todolist, com.huawei.android.launcher, 
(standard input):8464:11-16 14:59:15.936  1545  2018 I WindowManager: Check opening app=AppWindowToken{f91786a token=Token{aff7655 ActivityRecord{678603f u0 com.android.todolist/.MainActivity t44579}}}: allDrawn=false startingDisplayed=false startingMoved=false isRelaunching()=false startingWindow=Window{f8d16e u0 SnapshotStartingWindow for taskId=44579}
(standard input):8465:11-16 14:59:15.936  2516  3356 I PGServer: report state:10000 event type:1 pid:0 uid:0 pkg:com.android.todolist to pid: 2516
(standard input):8469:11-16 14:59:15.937  2516  3356 I SceneReceiver: state type: 10000 eventType:1 pid:0 uid:0 pkg:com.android.todolist
(standard input):8474:11-16 14:59:15.938  1082  1412 I ScreemCommon: <LOGMGR> <CreateNewActivityStartTask> [FLOW ERR, app=com.huawei.android.launcher/com.huawei.android.launcher.unihome.UniHomeLauncher is starting, run new app=com.android.todolist/ time=597728396]
(standard input):8479:11-16 14:59:15.939  1545  1850 I WindowManager: Check opening app=AppWindowToken{f91786a token=Token{aff7655 ActivityRecord{678603f u0 com.android.todolist/.MainActivity t44579}}}: allDrawn=false startingDisplayed=false startingMoved=false isRelaunching()=false startingWindow=Window{f8d16e u0 SnapshotStartingWindow for taskId=44579}
(standard input):8480:11-16 14:59:15.939  2516  3356 I PGServer: report state:10000 event type:1 pid:0 uid:0 pkg:com.android.todolist to pid: 1545
(standard input):8489:11-16 14:59:15.949  1545  1850 I WindowManager: Check opening app=AppWindowToken{f91786a token=Token{aff7655 ActivityRecord{678603f u0 com.android.todolist/.MainActivity t44579}}}: allDrawn=false startingDisplayed=true startingMoved=false isRelaunching()=false startingWindow=Window{f8d16e u0 SnapshotStartingWindow for taskId=44579}
(standard input):8495:11-16 14:59:15.950  1545  1850 D RemoteAnimationController: createAnimationAdapter(): token=AppWindowToken{f91786a token=Token{aff7655 ActivityRecord{678603f u0 com.android.todolist/.MainActivity t44579}}}
(standard input):8496:11-16 14:59:15.950  1545  1850 V WindowManager: commitVisibility: AppWindowToken{f91786a token=Token{aff7655 ActivityRecord{678603f u0 com.android.todolist/.MainActivity t44579}}}: hidden=false hiddenRequested=false
(standard input):8511:11-16 14:59:15.967  1545  1904 I HwAudioServiceEx: ComponentInfo : className = com.android.todolist.MainActivity, flag = onResume, isHomeActivity = , isTop = true
(standard input):8512:11-16 14:59:15.967  2475 10501 I Hicom_Monitor: mActivityNotifierEx, className = com.android.todolist.MainActivity
(standard input):8513:11-16 14:59:15.967  2475 10501 I Hicom_Monitor: notifyForegroundAppActivityChanged: className:com.android.todolist.MainActivity
(standard input):8517:11-16 14:59:15.969  2475  2837 D DollieActivityManagerAdapter: [Resumed] bg:true pid:13168 uid:10382 ComponentInfo{com.android.todolist/com.android.todolist.MainActivity}
(standard input):8518:11-16 14:59:15.969  2475  2837 E DollieAdapterService: notifyActivityState pkg:com.android.todolist/com.android.todolist.MainActivity state:2 fg:true mUid:10382
(standard input):8519:11-16 14:59:15.969  2475  2837 I HidataAppQoeP: foregroundUidAdd uid: 10382 name: com.android.todolist activity state: true
(standard input):8521:11-16 14:59:15.977  1545 11664 I WindowManager: Changing focus from null to Window{33af13e u0 com.android.todolist/com.android.todolist.MainActivity} displayId=0 Callers=com.android.server.wm.RootWindowContainer.updateFocusedWindowLocked:211 com.android.server.wm.WindowManagerService.updateFocusedWindowLocked:6367 com.android.server.wm.WindowManagerService.relayoutWindow:2717 com.android.server.wm.Session.relayout:196 
(standard input):8528:11-16 14:59:15.978  1545 11664 V HwPhoneWindowManager: updateSystemUiColorLw window=Window{33af13e u0 com.android.todolist/com.android.todolist.MainActivity},EmuiStyle=0,StatusBarColor=0xff00574b,NavigationBarColor=0xfffcfcfc, mForceNotchStatusBar=false
(standard input):8570:11-16 14:59:15.990  2475  2837 I SmartDualCardConfig: getAppType,pkgName=com.android.todolist,appType=-1
(standard input):8574:11-16 14:59:15.990  2475  2837 I NetworkQoe: onAppStateChanged: mForeAppUid=10382, packageName:com.android.todolist
(standard input):8576:11-16 14:59:15.990  1545  2068 I WindowManager: dispatchResized : win = Window{33af13e u0 com.android.todolist/com.android.todolist.MainActivity} drawState = DRAW_PENDING
(standard input):8580:11-16 14:59:15.992  2475  2837 I VideoEnhancing: pkg:com.android.todolist class:com.android.todolist.MainActivity
(standard input):8581:11-16 14:59:15.992  2475  2837 I VideoEnhancing: pkg:com.android.todolist/com.android.todolist.MainActivity
(standard input):8612:11-16 14:59:16.028  2516  3044 I ScenarioService: refresh visibleApp:[com.android.todolist]
(standard input):8613:11-16 14:59:16.028  2516  3044 I PGServer: report state:14 event type:1 pid:-1 uid:-1 pkg:com.android.todolist to pid: 2516
(standard input):8615:11-16 14:59:16.029  2516  3044 I PF_API_JNI: ACCKIT_APS_NotifyInfo 3: com.android.todolist
(standard input):8616:11-16 14:59:16.029   769 13016 D ACCKIT_ : pack:"com.android.todolist"
(standard input):8618:11-16 14:59:16.029  1015 14484 I AGPService: aps-info: focus pkgName - com.android.todolist, with 0 more apps
(standard input):8621:11-16 14:59:16.032  1015 14484 I AGPService: FrameRateManager: aps-info: new pkgName - com.android.todolist, type - -1
(standard input):8627:11-16 14:59:16.039  1545  1847 I StatusBarDisable: setFlags what=0 which=1 pkg=Window{33af13e u0 com.android.todolist/com.android.todolist.MainActivity}
(standard input):8628:11-16 14:59:16.040  1015 14484 D ITouchService: itouch currentPackageName = com.android.todolist
(standard input):8633:11-16 14:59:16.040  1015 14484 D ITouchService: itouch:app com.android.todolist is  not game app
(standard input):8634:11-16 14:59:16.040  1015 14484 D ITouchService: itouch:app com.android.todolist is  not in StylusPenList
(standard input):8645:11-16 14:59:16.071  1545  2264 V ActivityTaskManager: Activity idle: Token{aff7655 ActivityRecord{678603f u0 com.android.todolist/.MainActivity t44579}}
(standard input):8721:11-16 14:59:16.271  1545  2432 I WindowManager: Animation done in AppWindowToken{f91786a token=Token{aff7655 ActivityRecord{678603f u0 com.android.todolist/.MainActivity t44579}}} isHidden:false hiddenRequested:false
(standard input):8764:11-16 14:59:16.316  1082  1412 I ScreemCommon: <LOGMGR> <NotifyTaskFinished> [Start App(Hot) ok, pkg=com.android.todolist, act=com.android.todolist.MainActivity, fromPkg=com.huawei.android.launcher, totalTime=340, adTime=0, touchTime=0, actCount=1, animTime=323]
(standard input):8782:11-16 14:59:16.497  1545  1850 I WindowManager: Removing Window{f8d16e u0 SnapshotStartingWindow for taskId=44579} from AppWindowToken{f91786a token=Token{aff7655 ActivityRecord{678603f u0 com.android.todolist/.MainActivity t44579}}}
(standard input):8831:11-16 14:59:16.848  1545  2264 I HwPCUtils#HwRioViewManager: check if rio enable, displayId = 0， packageName = com.android.todolist
(standard input):8852:11-16 14:59:16.853  1545  2264 I WindowManager: Changing focus from Window{33af13e u0 com.android.todolist/com.android.todolist.MainActivity} to Window{bf624fc u0 com.android.todolist/com.android.todolist.MainActivity} displayId=0 Callers=com.android.server.wm.RootWindowContainer.updateFocusedWindowLocked:211 com.android.server.wm.WindowManagerService.updateFocusedWindowLocked:6367 com.android.server.wm.WindowManagerService.addWindow:2021 com.android.server.wm.HwWindowManagerService.addWindow:252 
(standard input):8866:11-16 14:59:16.854  1545  2264 I WindowManager: addWindow: Window{bf624fc u0 com.android.todolist/com.android.todolist.MainActivity}
(standard input):8882:11-16 14:59:16.859 13168 14182 D HiTouch_PressGestureDetector: onAttached, package=com.android.todolist, windowType=2, mHiTouchRestricted=false
(standard input):8888:11-16 14:59:16.897  1545  1850 I WindowManager: dispatchResized : win = Window{bf624fc u0 com.android.todolist/com.android.todolist.MainActivity} drawState = READY_TO_SHOW
(standard input):8890:11-16 14:59:16.905  1545  1847 I StatusBarDisable: setFlags what=0 which=1 pkg=Window{bf624fc u0 com.android.todolist/com.android.todolist.MainActivity}
(standard input):8991:11-16 14:59:17.531  1545  2656 V WindowManager: setImeHolder from Window{2748ce u0 com.android.todolist/com.android.todolist.MainActivity} to Window{bf624fc u0 com.android.todolist/com.android.todolist.MainActivity}
(standard input):9002:11-16 14:59:17.539 13168 13168 I Resources_debug: The apk asset path = ApkAssets{path=/data/app/com.android.todolist-YUveYEZv7Nm_fI0xgHFRXg==/base.apk}
(standard input):9041:11-16 14:59:17.575 13168 13168 I chatty  : uid=10382(com.android.todolist) identical 2 lines
(standard input):9078:11-16 14:59:17.869  2516  4046 I ThermalTraceService: code:1, appInfo:com.android.todolist#10000, levelInfo:29,warm_shell_hc,1#0,warm_chg_cpu,1#0,warm_bschg_cpu,1
(standard input):9086:11-16 14:59:17.980  2475  2837 D ConnCureConfigUtil: isCaredApp: input = com.android.todolist
(standard input):9501:11-16 14:59:20.621   773  3626 W BufferQueueProducer: [com.android.todolist/com.android.todolist.MainActivity#1]:1403: disconnect: not connected (req=1)
(standard input):9504:11-16 14:59:20.623  1545 11662 I WindowManager: removeIfPossible: Window{bf624fc u0 com.android.todolist/com.android.todolist.MainActivity} callers=com.android.server.wm.WindowState.removeIfPossible:2445 com.android.server.wm.WindowManagerService.removeWindow:2215 com.android.server.wm.Session.remove:178 android.view.IWindowSession$Stub.onTransact:668 com.android.server.wm.Session.onTransact:136 
(standard input):9506:11-16 14:59:20.625  1545 11662 I WindowManager: Not removing Window{bf624fc u0 com.android.todolist/com.android.todolist.MainActivity EXITING} due to exit animation 
(standard input):9507:11-16 14:59:20.625  1545 11662 I WindowManager: Changing focus from Window{bf624fc u0 com.android.todolist/com.android.todolist.MainActivity EXITING} to Window{33af13e u0 com.android.todolist/com.android.todolist.MainActivity} displayId=0 Callers=com.android.server.wm.RootWindowContainer.updateFocusedWindowLocked:211 com.android.server.wm.WindowManagerService.updateFocusedWindowLocked:6367 com.android.server.wm.WindowState.setupWindowForRemoveOnExit:2601 com.android.server.wm.WindowState.removeIfPossible:2563 
(standard input):9514:11-16 14:59:20.629  1545  2264 D InputDispatcher: Window handle Window{bf624fc u0 com.android.todolist/com.android.todolist.MainActivity} has no registered input channel
(standard input):9515:11-16 14:59:20.632  1545  1847 I StatusBarDisable: setFlags what=0 which=1 pkg=Window{33af13e u0 com.android.todolist/com.android.todolist.MainActivity}
(standard input):9518:11-16 14:59:20.646  1545 11662 D InputDispatcher: Window handle Window{bf624fc u0 com.android.todolist/com.android.todolist.MainActivity} has no registered input channel
(standard input):9528:11-16 14:59:20.778  1545  1850 I WindowManager: Exit animation finished in Window{bf624fc u0 com.android.todolist/com.android.todolist.MainActivity EXITING}: remove=true
(standard input):9529:11-16 14:59:20.778  1545  1850 E WindowManager: win=Window{bf624fc u0 com.android.todolist/com.android.todolist.MainActivity EXITING} destroySurfaces: appStopped=false win.mWindowRemovalAllowed=true win.mRemoveOnExit=true
(standard input):9530:11-16 14:59:20.779  1545  1850 I WindowManager: postWindowRemoveCleanupLocked: Window{bf624fc u0 com.android.todolist/com.android.todolist.MainActivity}
(standard input):9531:11-16 14:59:20.779  1545  1850 I WindowManager: Removing Window{bf624fc u0 com.android.todolist/com.android.todolist.MainActivity} from AppWindowToken{f91786a token=Token{aff7655 ActivityRecord{678603f u0 com.android.todolist/.MainActivity t44579}}}
(standard input):13314:11-16 15:01:07.613  2516 27905 D PowerRankManager: name: com.android.todolist" mFgTime/s: 300.265" mFgTotalPower/mAh:13.031667" mBgTime/s: 0.369" mBgTotalPower/mAh:0.0063888887
(standard input):13547:11-16 15:01:13.570  1545  2654 I HwPCUtils#HwRioViewManager: check if rio enable, displayId = 0， packageName = com.android.todolist
(standard input):13549:11-16 15:01:13.573  1545  2654 I WindowManager: Changing focus from Window{33af13e u0 com.android.todolist/com.android.todolist.MainActivity} to Window{95a8227 u0 com.android.todolist/com.android.todolist.MainActivity} displayId=0 Callers=com.android.server.wm.RootWindowContainer.updateFocusedWindowLocked:211 com.android.server.wm.WindowManagerService.updateFocusedWindowLocked:6367 com.android.server.wm.WindowManagerService.addWindow:2021 com.android.server.wm.HwWindowManagerService.addWindow:252 
(standard input):13555:11-16 15:01:13.574  1545  2654 I WindowManager: addWindow: Window{95a8227 u0 com.android.todolist/com.android.todolist.MainActivity}
(standard input):13557:11-16 15:01:13.579 13168 14354 D HiTouch_PressGestureDetector: onAttached, package=com.android.todolist, windowType=2, mHiTouchRestricted=false
(standard input):13564:11-16 15:01:13.615  1545  1850 I WindowManager: dispatchResized : win = Window{95a8227 u0 com.android.todolist/com.android.todolist.MainActivity} drawState = READY_TO_SHOW
(standard input):13568:11-16 15:01:13.625  1545  1847 I StatusBarDisable: setFlags what=0 which=1 pkg=Window{95a8227 u0 com.android.todolist/com.android.todolist.MainActivity}
(standard input):13936:11-16 15:01:27.690  1545  2264 V WindowManager: setImeHolder from Window{bf624fc u0 com.android.todolist/com.android.todolist.MainActivity} to Window{95a8227 u0 com.android.todolist/com.android.todolist.MainActivity}
(standard input):13947:11-16 15:01:27.700 13168 13168 I Resources_debug: The apk asset path = ApkAssets{path=/data/app/com.android.todolist-YUveYEZv7Nm_fI0xgHFRXg==/base.apk}
(standard input):14150:11-16 15:01:29.743   773  1823 W BufferQueueProducer: [com.android.todolist/com.android.todolist.MainActivity#1]:1403: disconnect: not connected (req=1)
(standard input):14153:11-16 15:01:29.744  1545  2654 I WindowManager: removeIfPossible: Window{95a8227 u0 com.android.todolist/com.android.todolist.MainActivity} callers=com.android.server.wm.WindowState.removeIfPossible:2445 com.android.server.wm.WindowManagerService.removeWindow:2215 com.android.server.wm.Session.remove:178 android.view.IWindowSession$Stub.onTransact:668 com.android.server.wm.Session.onTransact:136 
(standard input):14155:11-16 15:01:29.746  1545  2654 I WindowManager: Not removing Window{95a8227 u0 com.android.todolist/com.android.todolist.MainActivity EXITING} due to exit animation 
(standard input):14156:11-16 15:01:29.746  1545  2654 I WindowManager: Changing focus from Window{95a8227 u0 com.android.todolist/com.android.todolist.MainActivity EXITING} to Window{33af13e u0 com.android.todolist/com.android.todolist.MainActivity} displayId=0 Callers=com.android.server.wm.RootWindowContainer.updateFocusedWindowLocked:211 com.android.server.wm.WindowManagerService.updateFocusedWindowLocked:6367 com.android.server.wm.WindowState.setupWindowForRemoveOnExit:2601 com.android.server.wm.WindowState.removeIfPossible:2563 
(standard input):14161:11-16 15:01:29.752  1545  1847 I StatusBarDisable: setFlags what=0 which=1 pkg=Window{33af13e u0 com.android.todolist/com.android.todolist.MainActivity}
(standard input):14163:11-16 15:01:29.756  1545  2654 D InputDispatcher: Window handle Window{95a8227 u0 com.android.todolist/com.android.todolist.MainActivity} has no registered input channel
(standard input):14164:11-16 15:01:29.761  1545  2654 I HomePageDetect: putDetectedResult is host homeActivity =ActivityRecord{678603f u0 com.android.todolist/.MainActivity t44579}
(standard input):14171:11-16 15:01:29.768  1545  2654 D InputDispatcher: Window handle Window{95a8227 u0 com.android.todolist/com.android.todolist.MainActivity} has no registered input channel
(standard input):14176:11-16 15:01:29.901  1545  1850 I WindowManager: Exit animation finished in Window{95a8227 u0 com.android.todolist/com.android.todolist.MainActivity EXITING}: remove=true
(standard input):14180:11-16 15:01:29.901  1545  1850 E WindowManager: win=Window{95a8227 u0 com.android.todolist/com.android.todolist.MainActivity EXITING} destroySurfaces: appStopped=false win.mWindowRemovalAllowed=true win.mRemoveOnExit=true
(standard input):14182:11-16 15:01:29.902  1545  1850 I WindowManager: postWindowRemoveCleanupLocked: Window{95a8227 u0 com.android.todolist/com.android.todolist.MainActivity}
(standard input):14183:11-16 15:01:29.902  1545  1850 I WindowManager: Removing Window{95a8227 u0 com.android.todolist/com.android.todolist.MainActivity} from AppWindowToken{f91786a token=Token{aff7655 ActivityRecord{678603f u0 com.android.todolist/.MainActivity t44579}}}
(standard input):14285:11-16 15:01:32.392  1545  2654 I HwPCUtils#HwRioViewManager: check if rio enable, displayId = 0， packageName = com.android.todolist
(standard input):14287:11-16 15:01:32.395  1545  2654 I WindowManager: Changing focus from Window{33af13e u0 com.android.todolist/com.android.todolist.MainActivity} to Window{24fe9cd u0 com.android.todolist/com.android.todolist.MainActivity} displayId=0 Callers=com.android.server.wm.RootWindowContainer.updateFocusedWindowLocked:211 com.android.server.wm.WindowManagerService.updateFocusedWindowLocked:6367 com.android.server.wm.WindowManagerService.addWindow:2021 com.android.server.wm.HwWindowManagerService.addWindow:252 
(standard input):14293:11-16 15:01:32.395  1545  2654 I WindowManager: addWindow: Window{24fe9cd u0 com.android.todolist/com.android.todolist.MainActivity}
(standard input):14296:11-16 15:01:32.402 13168 14364 D HiTouch_PressGestureDetector: onAttached, package=com.android.todolist, windowType=2, mHiTouchRestricted=false
(standard input):14304:11-16 15:01:32.436  1545  1850 I WindowManager: dispatchResized : win = Window{24fe9cd u0 com.android.todolist/com.android.todolist.MainActivity} drawState = READY_TO_SHOW
(standard input):14309:11-16 15:01:32.451  1545  1847 I StatusBarDisable: setFlags what=0 which=1 pkg=Window{24fe9cd u0 com.android.todolist/com.android.todolist.MainActivity}
(standard input):14364:11-16 15:01:33.002  1545  2269 V WindowManager: setImeHolder from Window{95a8227 u0 com.android.todolist/com.android.todolist.MainActivity} to Window{24fe9cd u0 com.android.todolist/com.android.todolist.MainActivity}
(standard input):14376:11-16 15:01:33.011 13168 13168 I Resources_debug: The apk asset path = ApkAssets{path=/data/app/com.android.todolist-YUveYEZv7Nm_fI0xgHFRXg==/base.apk}
(standard input):14585:11-16 15:01:35.401   773  1823 W BufferQueueProducer: [com.android.todolist/com.android.todolist.MainActivity#1]:1403: disconnect: not connected (req=1)
(standard input):14588:11-16 15:01:35.402  1545 11664 I WindowManager: removeIfPossible: Window{24fe9cd u0 com.android.todolist/com.android.todolist.MainActivity} callers=com.android.server.wm.WindowState.removeIfPossible:2445 com.android.server.wm.WindowManagerService.removeWindow:2215 com.android.server.wm.Session.remove:178 android.view.IWindowSession$Stub.onTransact:668 com.android.server.wm.Session.onTransact:136 
(standard input):14590:11-16 15:01:35.404  1545 11664 I WindowManager: Not removing Window{24fe9cd u0 com.android.todolist/com.android.todolist.MainActivity EXITING} due to exit animation 
(standard input):14591:11-16 15:01:35.404  1545 11664 I WindowManager: Changing focus from Window{24fe9cd u0 com.android.todolist/com.android.todolist.MainActivity EXITING} to Window{33af13e u0 com.android.todolist/com.android.todolist.MainActivity} displayId=0 Callers=com.android.server.wm.RootWindowContainer.updateFocusedWindowLocked:211 com.android.server.wm.WindowManagerService.updateFocusedWindowLocked:6367 com.android.server.wm.WindowState.setupWindowForRemoveOnExit:2601 com.android.server.wm.WindowState.removeIfPossible:2563 
(standard input):14597:11-16 15:01:35.409  1545  1847 I StatusBarDisable: setFlags what=0 which=1 pkg=Window{33af13e u0 com.android.todolist/com.android.todolist.MainActivity}
(standard input):14600:11-16 15:01:35.421  1545  2654 D InputDispatcher: Window handle Window{24fe9cd u0 com.android.todolist/com.android.todolist.MainActivity} has no registered input channel
(standard input):14610:11-16 15:01:35.569  1545  1850 I WindowManager: Exit animation finished in Window{24fe9cd u0 com.android.todolist/com.android.todolist.MainActivity EXITING}: remove=true
(standard input):14611:11-16 15:01:35.569  1545  1850 E WindowManager: win=Window{24fe9cd u0 com.android.todolist/com.android.todolist.MainActivity EXITING} destroySurfaces: appStopped=false win.mWindowRemovalAllowed=true win.mRemoveOnExit=true
(standard input):14612:11-16 15:01:35.570  1545  1850 I WindowManager: postWindowRemoveCleanupLocked: Window{24fe9cd u0 com.android.todolist/com.android.todolist.MainActivity}
(standard input):14613:11-16 15:01:35.570  1545  1850 I WindowManager: Removing Window{24fe9cd u0 com.android.todolist/com.android.todolist.MainActivity} from AppWindowToken{f91786a token=Token{aff7655 ActivityRecord{678603f u0 com.android.todolist/.MainActivity t44579}}}
(standard input):14817:11-16 15:01:44.276  1545 11662 I HwPCUtils#HwRioViewManager: check if rio enable, displayId = 0， packageName = com.android.todolist
(standard input):14818:11-16 15:01:44.279  1545 11662 I WindowManager: Changing focus from Window{33af13e u0 com.android.todolist/com.android.todolist.MainActivity} to Window{3e37389 u0 com.android.todolist/com.android.todolist.MainActivity} displayId=0 Callers=com.android.server.wm.RootWindowContainer.updateFocusedWindowLocked:211 com.android.server.wm.WindowManagerService.updateFocusedWindowLocked:6367 com.android.server.wm.WindowManagerService.addWindow:2021 com.android.server.wm.HwWindowManagerService.addWindow:252 
(standard input):14823:11-16 15:01:44.280  1545 11662 I WindowManager: addWindow: Window{3e37389 u0 com.android.todolist/com.android.todolist.MainActivity}
(standard input):14828:11-16 15:01:44.293 13168 14368 D HiTouch_PressGestureDetector: onAttached, package=com.android.todolist, windowType=2, mHiTouchRestricted=false
(standard input):14837:11-16 15:01:44.321  1545  1850 I WindowManager: dispatchResized : win = Window{3e37389 u0 com.android.todolist/com.android.todolist.MainActivity} drawState = READY_TO_SHOW
(standard input):14840:11-16 15:01:44.336  1545  1847 I StatusBarDisable: setFlags what=0 which=1 pkg=Window{3e37389 u0 com.android.todolist/com.android.todolist.MainActivity}
(standard input):14908:11-16 15:01:44.866  1545 11662 V WindowManager: setImeHolder from Window{24fe9cd u0 com.android.todolist/com.android.todolist.MainActivity} to Window{3e37389 u0 com.android.todolist/com.android.todolist.MainActivity}
(standard input):14922:11-16 15:01:44.876 13168 13168 I Resources_debug: The apk asset path = ApkAssets{path=/data/app/com.android.todolist-YUveYEZv7Nm_fI0xgHFRXg==/base.apk}
(standard input):15242:11-16 15:01:47.759   773  1515 W BufferQueueProducer: [com.android.todolist/com.android.todolist.MainActivity#1]:1403: disconnect: not connected (req=1)
(standard input):15245:11-16 15:01:47.760  1545  2269 I WindowManager: removeIfPossible: Window{3e37389 u0 com.android.todolist/com.android.todolist.MainActivity} callers=com.android.server.wm.WindowState.removeIfPossible:2445 com.android.server.wm.WindowManagerService.removeWindow:2215 com.android.server.wm.Session.remove:178 android.view.IWindowSession$Stub.onTransact:668 com.android.server.wm.Session.onTransact:136 
(standard input):15247:11-16 15:01:47.762  1545  2269 I WindowManager: Not removing Window{3e37389 u0 com.android.todolist/com.android.todolist.MainActivity EXITING} due to exit animation 
(standard input):15248:11-16 15:01:47.762  1545  2269 I WindowManager: Changing focus from Window{3e37389 u0 com.android.todolist/com.android.todolist.MainActivity EXITING} to Window{33af13e u0 com.android.todolist/com.android.todolist.MainActivity} displayId=0 Callers=com.android.server.wm.RootWindowContainer.updateFocusedWindowLocked:211 com.android.server.wm.WindowManagerService.updateFocusedWindowLocked:6367 com.android.server.wm.WindowState.setupWindowForRemoveOnExit:2601 com.android.server.wm.WindowState.removeIfPossible:2563 